Build started 2/28/2016 1:41:23 PM.
     1>Project "C:\Users\Thinhman\Desktop\Project2\Project2\Project2.vcxproj" on node 2 (Build target(s)).
     1>ClCompile:
         C:\Program Files (x86)\Microsoft Visual Studio 14.0\VC\bin\CL.exe /c /ZI /nologo /W3 /WX- /sdl /Od /Oy- /D _MBCS /Gm /EHsc /RTC1 /MDd /GS /fp:precise /Zc:wchar_t /Zc:forScope /Zc:inline /Fo"Debug\\" /Fd"Debug\vc140.pdb" /Gd /TP /analyze- /errorReport:prompt BankAccount.cpp BankAccountList.cpp main.cpp
         main.cpp
     1>c:\users\thinhman\desktop\project2\project2\main.cpp(6): warning C4101: 'i': unreferenced local variable
     1>c:\users\thinhman\desktop\project2\project2\main.cpp(7): warning C4101: 'money': unreferenced local variable
         BankAccountList.cpp
     1>c:\users\thinhman\desktop\project2\project2\bankaccountlist.cpp(13): warning C4018: '<': signed/unsigned mismatch
     1>c:\users\thinhman\desktop\project2\project2\bankaccountlist.cpp(24): warning C4018: '<': signed/unsigned mismatch
         BankAccount.cpp
         Generating Code...
       Link:
         C:\Program Files (x86)\Microsoft Visual Studio 14.0\VC\bin\link.exe /ERRORREPORT:PROMPT /OUT:"C:\Users\Thinhman\Desktop\Project2\Debug\Project2.exe" /INCREMENTAL /NOLOGO kernel32.lib user32.lib gdi32.lib winspool.lib comdlg32.lib advapi32.lib shell32.lib ole32.lib oleaut32.lib uuid.lib odbc32.lib odbccp32.lib /MANIFEST /MANIFESTUAC:"level='asInvoker' uiAccess='false'" /manifest:embed /Debug /PDB:"C:\Users\Thinhman\Desktop\Project2\Debug\Project2.pdb" /TLBID:1 /DYNAMICBASE /NXCOMPAT /IMPLIB:"C:\Users\Thinhman\Desktop\Project2\Debug\Project2.lib" /MACHINE:X86 Debug\BankAccount.obj
         Debug\BankAccountList.obj
         Debug\main.obj
         Project2.vcxproj -> C:\Users\Thinhman\Desktop\Project2\Debug\Project2.exe
     1>Done Building Project "C:\Users\Thinhman\Desktop\Project2\Project2\Project2.vcxproj" (Build target(s)).

Build succeeded.

Time Elapsed 00:00:05.40
